#
# There is insufficient memory for the Java Runtime Environment to continue.
# Native memory allocation (mmap) failed to map 257949696 bytes for Failed to commit area from 0x000000070a400000 to 0x0000000719a00000 of length 257949696.
# Possible reasons:
#   The system is out of physical RAM or swap space
#   The process is running with CompressedOops enabled, and the Java Heap may be blocking the growth of the native heap
# Possible solutions:
#   Reduce memory load on the system
#   Increase physical memory or swap space
#   Check if swap backing store is full
#   Decrease Java heap size (-Xmx/-Xms)
#   Decrease number of Java threads
#   Decrease Java thread stack sizes (-Xss)
#   Set larger code cache with -XX:ReservedCodeCacheSize=
# This output file may be truncated or incomplete.
#
#  Out of Memory Error (./src/hotspot/os/windows/os_windows.cpp:3387), pid=12676, tid=28104
#
# JRE version:  (11.0.14.1+1) (build )
# Java VM: OpenJDK 64-Bit Server VM (11.0.14.1+1, mixed mode, sharing, tiered, compressed oops, g1 gc, windows-amd64)
# No core dump will be written. Minidumps are not enabled by default on client versions of Windows
#

---------------  S U M M A R Y ------------

Command Line: 

Host: AMD Ryzen 7 5800H with Radeon Graphics         , 16 cores, 15G,  Windows 11 , 64 bit Build 22621 (10.0.22621.3527)
Time: Sun May 26 23:58:26 2024 SE Asia Standard Time elapsed time: 0.011955 seconds (0d 0h 0m 0s)

---------------  T H R E A D  ---------------

Current thread (0x000001bb26eaf800):  JavaThread "Unknown thread" [_thread_in_vm, id=28104, stack(0x0000004ef2400000,0x0000004ef2500000)]

Stack: [0x0000004ef2400000,0x0000004ef2500000]
Native frames: (J=compiled Java code, j=interpreted, Vv=VM code, C=native code)
V  [jvm.dll+0x61e59a]
V  [jvm.dll+0x7aaca9]
V  [jvm.dll+0x7ac398]
V  [jvm.dll+0x7aca73]
V  [jvm.dll+0x24f9b8]
V  [jvm.dll+0x61b83a]
V  [jvm.dll+0x6100c5]
V  [jvm.dll+0x30772c]
V  [jvm.dll+0x3075b2]
V  [jvm.dll+0x30c2d6]
V  [jvm.dll+0x35272f]
V  [jvm.dll+0x352160]
V  [jvm.dll+0x2e4728]
V  [jvm.dll+0x2e5886]
V  [jvm.dll+0x784b07]
V  [jvm.dll+0x78628f]
V  [jvm.dll+0x35f479]
V  [jvm.dll+0x767aa0]
V  [jvm.dll+0x3ccf1f]
V  [jvm.dll+0x3cf2b1]
C  [jli.dll+0x5207]
C  [ucrtbase.dll+0x29333]
C  [KERNEL32.DLL+0x1257d]
C  [ntdll.dll+0x5aa48]


---------------  P R O C E S S  ---------------

Threads class SMR info:
_java_thread_list=0x000001bb24c081a0, length=0, elements={
}

Java Threads: ( => current thread )

Other Threads:
  0x000001bb26ec8000 GCTaskThread "GC Thread#0" [stack: 0x0000004ef2500000,0x0000004ef2600000] [id=29308]
  0x000001bb26f24000 ConcurrentGCThread "G1 Main Marker" [stack: 0x0000004ef2600000,0x0000004ef2700000] [id=4092]
  0x000001bb26f29800 ConcurrentGCThread "G1 Conc#0" [stack: 0x0000004ef2700000,0x0000004ef2800000] [id=16560]

[error occurred during error reporting (printing all threads), id 0xc0000005, EXCEPTION_ACCESS_VIOLATION (0xc0000005) at pc=0x00007ffd0eab3ef7]

VM state:not at safepoint (not fully initialized)

VM Mutex/Monitor currently owned by a thread:  ([mutex/lock_event])
[0x000001bb26eabba0] Heap_lock - owner thread: 0x000001bb26eaf800

Heap address: 0x000000070a400000, size: 3932 MB, Compressed Oops mode: Non-zero based: 0x000000070a400000
Narrow klass base: 0x0000000000000000, Narrow klass shift: 0

GC Heap History (0 events):
No events

Deoptimization events (0 events):
No events

Classes redefined (0 events):
No events

Internal exceptions (0 events):
No events

Events (1 events):
Event: 0.007 Loaded shared library D:\Ung dung\UnityEditor\2022.3.17f1\Editor\Data\PlaybackEngines\AndroidPlayer\OpenJDK\bin\zip.dll


Dynamic libraries:
0x00007ff736a50000 - 0x00007ff736a5d000 	D:\Ung dung\UnityEditor\2022.3.17f1\Editor\Data\PlaybackEngines\AndroidPlayer\OpenJDK\bin\java.exe
0x00007ffdf6ab0000 - 0x00007ffdf6cc7000 	C:\WINDOWS\SYSTEM32\ntdll.dll
0x00007ffdf6150000 - 0x00007ffdf6214000 	C:\WINDOWS\System32\KERNEL32.DLL
0x00007ffdf3f40000 - 0x00007ffdf42e7000 	C:\WINDOWS\System32\KERNELBASE.dll
0x00007ffdf4690000 - 0x00007ffdf47a1000 	C:\WINDOWS\System32\ucrtbase.dll
0x00007ffd0f3f0000 - 0x00007ffd0f407000 	D:\Ung dung\UnityEditor\2022.3.17f1\Editor\Data\PlaybackEngines\AndroidPlayer\OpenJDK\bin\jli.dll
0x00007ffd13af0000 - 0x00007ffd13b05000 	D:\Ung dung\UnityEditor\2022.3.17f1\Editor\Data\PlaybackEngines\AndroidPlayer\OpenJDK\bin\VCRUNTIME140.dll
0x00007ffdf47b0000 - 0x00007ffdf495e000 	C:\WINDOWS\System32\USER32.dll
0x00007ffdf3da0000 - 0x00007ffdf3dc6000 	C:\WINDOWS\System32\win32u.dll
0x00007ffde3090000 - 0x00007ffde3323000 	C:\WINDOWS\WinSxS\amd64_microsoft.windows.common-controls_6595b64144ccf1df_6.0.22621.3527_none_270e469b73872a76\COMCTL32.dll
0x00007ffdf6120000 - 0x00007ffdf6149000 	C:\WINDOWS\System32\GDI32.dll
0x00007ffdf5a00000 - 0x00007ffdf5aa7000 	C:\WINDOWS\System32\msvcrt.dll
0x00007ffdf4570000 - 0x00007ffdf4689000 	C:\WINDOWS\System32\gdi32full.dll
0x00007ffdf4360000 - 0x00007ffdf43fa000 	C:\WINDOWS\System32\msvcp_win.dll
0x00007ffdf5910000 - 0x00007ffdf5941000 	C:\WINDOWS\System32\IMM32.DLL
0x00007ffd0f350000 - 0x00007ffd0f3eb000 	D:\Ung dung\UnityEditor\2022.3.17f1\Editor\Data\PlaybackEngines\AndroidPlayer\OpenJDK\bin\msvcp140.dll
0x00007ffd0e7c0000 - 0x00007ffd0f341000 	D:\Ung dung\UnityEditor\2022.3.17f1\Editor\Data\PlaybackEngines\AndroidPlayer\OpenJDK\bin\server\jvm.dll
0x00007ffdf6980000 - 0x00007ffdf6a32000 	C:\WINDOWS\System32\ADVAPI32.dll
0x00007ffdf6850000 - 0x00007ffdf68f8000 	C:\WINDOWS\System32\sechost.dll
0x00007ffdf3f10000 - 0x00007ffdf3f38000 	C:\WINDOWS\System32\bcrypt.dll
0x00007ffdf6340000 - 0x00007ffdf6455000 	C:\WINDOWS\System32\RPCRT4.dll
0x00007ffdf6110000 - 0x00007ffdf6118000 	C:\WINDOWS\System32\PSAPI.DLL
0x00007ffde9000000 - 0x00007ffde9034000 	C:\WINDOWS\SYSTEM32\WINMM.dll
0x00007ffde3fc0000 - 0x00007ffde3fc9000 	C:\WINDOWS\SYSTEM32\WSOCK32.dll
0x00007ffdeabe0000 - 0x00007ffdeabea000 	C:\WINDOWS\SYSTEM32\VERSION.dll
0x00007ffdf6220000 - 0x00007ffdf6291000 	C:\WINDOWS\System32\WS2_32.dll
0x00007ffdf2eb0000 - 0x00007ffdf2ec8000 	C:\WINDOWS\SYSTEM32\kernel.appcore.dll
0x00007ffdb1360000 - 0x00007ffdb1370000 	D:\Ung dung\UnityEditor\2022.3.17f1\Editor\Data\PlaybackEngines\AndroidPlayer\OpenJDK\bin\verify.dll
0x00007ffdf1430000 - 0x00007ffdf1662000 	C:\WINDOWS\SYSTEM32\DBGHELP.DLL
0x00007ffdf5bb0000 - 0x00007ffdf5f38000 	C:\WINDOWS\System32\combase.dll
0x00007ffdf5370000 - 0x00007ffdf5447000 	C:\WINDOWS\System32\OLEAUT32.dll
0x00007ffdd2340000 - 0x00007ffdd2372000 	C:\WINDOWS\SYSTEM32\dbgcore.DLL
0x00007ffdf3dd0000 - 0x00007ffdf3e49000 	C:\WINDOWS\System32\bcryptPrimitives.dll
0x00007ffd0e790000 - 0x00007ffd0e7b8000 	D:\Ung dung\UnityEditor\2022.3.17f1\Editor\Data\PlaybackEngines\AndroidPlayer\OpenJDK\bin\java.dll
0x00007ffda26f0000 - 0x00007ffda26fa000 	D:\Ung dung\UnityEditor\2022.3.17f1\Editor\Data\PlaybackEngines\AndroidPlayer\OpenJDK\bin\jimage.dll
0x00007ffd0e770000 - 0x00007ffd0e788000 	D:\Ung dung\UnityEditor\2022.3.17f1\Editor\Data\PlaybackEngines\AndroidPlayer\OpenJDK\bin\zip.dll

dbghelp: loaded successfully - version: 4.0.5 - missing functions: none
symbol engine: initialized successfully - sym options: 0x614 - pdb path: .;D:\Ung dung\UnityEditor\2022.3.17f1\Editor\Data\PlaybackEngines\AndroidPlayer\OpenJDK\bin;C:\WINDOWS\SYSTEM32;C:\WINDOWS\WinSxS\amd64_microsoft.windows.common-controls_6595b64144ccf1df_6.0.22621.3527_none_270e469b73872a76;D:\Ung dung\UnityEditor\2022.3.17f1\Editor\Data\PlaybackEngines\AndroidPlayer\OpenJDK\bin\server

VM Arguments:
java_command: <unknown>
java_class_path (initial): <not set>
Launcher Type: SUN_STANDARD

[Global flags]
     intx CICompilerCount                          = 12                                        {product} {ergonomic}
     uint ConcGCThreads                            = 3                                         {product} {ergonomic}
     uint G1ConcRefinementThreads                  = 13                                        {product} {ergonomic}
   size_t G1HeapRegionSize                         = 1048576                                   {product} {ergonomic}
    uintx GCDrainStackTargetSize                   = 64                                        {product} {ergonomic}
   size_t InitialHeapSize                          = 257949696                                 {product} {ergonomic}
   size_t MarkStackSize                            = 4194304                                   {product} {ergonomic}
   size_t MaxHeapSize                              = 4123000832                                {product} {ergonomic}
   size_t MinHeapDeltaBytes                        = 1048576                                   {product} {ergonomic}
    uintx NonNMethodCodeHeapSize                   = 7594288                                {pd product} {ergonomic}
    uintx NonProfiledCodeHeapSize                  = 122031976                              {pd product} {ergonomic}
    uintx ProfiledCodeHeapSize                     = 122031976                              {pd product} {ergonomic}
    uintx ReservedCodeCacheSize                    = 251658240                              {pd product} {ergonomic}
     bool SegmentedCodeCache                       = true                                      {product} {ergonomic}
     bool UseCompressedClassPointers               = true                                 {lp64_product} {ergonomic}
     bool UseCompressedOops                        = true                                 {lp64_product} {ergonomic}
     bool UseG1GC                                  = true                                      {product} {ergonomic}
     bool UseLargePagesIndividualAllocation        = false                                  {pd product} {ergonomic}

Logging:
Log output configuration:
 #0: stdout all=warning uptime,level,tags
 #1: stderr all=off uptime,level,tags

Environment Variables:
JAVA_HOME=D:/Ung dung/UnityEditor/2022.3.17f1/Editor/Data/PlaybackEngines/AndroidPlayer\OpenJDK
PATH=C:\Program Files\Common Files\Oracle\Java\javapath;C:\Program Files (x86)\Common Files\Oracle\Java\java8path;C:\Program Files (x86)\Common Files\Oracle\Java\javapath;D:\Ung dung\VMware\VMware Workstation\bin\;C:\Windows\system32;C:\Windows;C:\Windows\System32\Wbem;C:\Windows\System32\WindowsPowerShell\v1.0\;C:\Windows\System32\OpenSSH\;C:\Program Files (x86)\NVIDIA Corporation\PhysX\Common;C:\Program Files\NVIDIA Corporation\NVIDIA NvDLISR;C:\WINDOWS\system32;C:\WINDOWS;C:\WINDOWS\System32\Wbem;C:\WINDOWS\System32\WindowsPowerShell\v1.0\;C:\WINDOWS\System32\OpenSSH\;C:\Program Files\dotnet\;D:\Ung dung\xampp\php;D:\Ung dung\composer;C:\Program Files (x86)\Windows Kits\10\Windows Performance Toolkit\;D:\Ung dung\nodejs\;C:\Program Files (x86)\Microsoft SQL Server\160\Tools\Binn\;C:\Program Files\Microsoft SQL Server\160\Tools\Binn\;C:\Program Files\Microsoft SQL Server\Client SDK\ODBC\170\Tools\Binn\;C:\Program Files\Microsoft SQL Server\160\DTS\Binn\;C:\Program Files\Microsoft SQL Server\150\Tools\Binn\;D:\Ung dung\Python\Python3;D:\Ung dung\Python\Python3\Scripts;C:\Program Files\Git\cmd;C:\Users\quoc0\AppData\Local\Microsoft\WindowsApps;C:\Program Files\Git\bin;C:\Program Files\Git\cmd;C:\Users\quoc0\AppData\Local\GitHubDesktop\bin;D:\Ung dung\Microsoft VS Code\bin;C:\Users\quoc0\AppData\Roaming\Composer\vendor\bin;C:\Users\quoc0\.dotnet\tools;C:\Users\quoc0\AppData\Roaming\npm;C:\Users\quoc0\cmdAlias\cmd;C:\Users\quoc0
USERNAME=quoc0
OS=Windows_NT
PROCESSOR_IDENTIFIER=AMD64 Family 25 Model 80 Stepping 0, AuthenticAMD



---------------  S Y S T E M  ---------------

OS: Windows 11 , 64 bit Build 22621 (10.0.22621.3527)
OS uptime: 1 days 22:49 hours

CPU:total 16 (initial active 16) (16 cores per cpu, 2 threads per core) family 25 model 80 stepping 0 microcode 0x0, cmov, cx8, fxsr, mmx, sse, sse2, sse3, ssse3, sse4.1, sse4.2, popcnt, avx, avx2, aes, clmul, erms, mmxext, 3dnowpref, lzcnt, sse4a, ht, tsc, tscinvbit, tscinv, bmi1, bmi2, adx, sha, fma

Memory: 4k page, system-wide physical 15724M (1369M free)
TotalPageFile size 28328M (AvailPageFile size 92M)
current process WorkingSet (physical memory assigned to process): 11M, peak: 11M
current process commit charge ("private bytes"): 71M, peak: 317M

vm_info: OpenJDK 64-Bit Server VM (11.0.14.1+1) for windows-amd64 JRE (11.0.14.1+1), built on Feb  9 2022 01:48:27 by "" with unknown MS VC++:1916

END.
